11:03:19 **** Incremental Build of configuration Debug for project practice ****
make all 
make: Nothing to be done for `all'.
11:03:21 **** Incremental Build of configuration Debug for project practice ****
make all 
make: Nothing to be done for `all'.
11:04:03 **** Incremental Build of configuration Debug for project practice ****
make all 
Building file: ../src/practice.cpp
Invoking: GCC C++ Compiler
g++ -O0 -g3 -Wall -c -fmessage-length=0 -MMD -MP -MF"src/practice.d" -MT"src/practice.o" -o "src/practice.o" "../src/practice.cpp"
Finished building: ../src/practice.cpp
 
Building target: practice
Invoking: GCC C++ Linker
g++  -o "practice"  ./src/practice.o   
Finished building target: practice
 
11:04:05 **** Incremental Build of configuration Debug for project practice ****
make all 
make: Nothing to be done for `all'.
11:05:18 **** Incremental Build of configuration Debug for project practice ****
make all 
Building file: ../src/practice.cpp
Invoking: GCC C++ Compiler
g++ -O0 -g3 -Wall -c -fmessage-length=0 -MMD -MP -MF"src/practice.d" -MT"src/practice.o" -o "src/practice.o" "../src/practice.cpp"
Finished building: ../src/practice.cpp
 
Building target: practice
Invoking: GCC C++ Linker
g++  -o "practice"  ./src/practice.o   
Finished building target: practice
 
11:05:20 **** Incremental Build of configuration Debug for project practice ****
make all 
make: Nothing to be done for `all'.
11:06:25 **** Incremental Build of configuration Debug for project practice ****
make all 
Building file: ../src/practice.cpp
Invoking: GCC C++ Compiler
g++ -O0 -g3 -Wall -c -fmessage-length=0 -MMD -MP -MF"src/practice.d" -MT"src/practice.o" -o "src/practice.o" "../src/practice.cpp"
Finished building: ../src/practice.cpp
 
Building target: practice
Invoking: GCC C++ Linker
g++  -o "practice"  ./src/practice.o   
Finished building target: practice
 
11:06:28 **** Incremental Build of configuration Debug for project practice ****
make all 
make: Nothing to be done for `all'.
11:11:42 **** Incremental Build of configuration Debug for project practice ****
make all 
Building file: ../src/practice.cpp
Invoking: GCC C++ Compiler
g++ -O0 -g3 -Wall -c -fmessage-length=0 -MMD -MP -MF"src/practice.d" -MT"src/practice.o" -o "src/practice.o" "../src/practice.cpp"
Finished building: ../src/practice.cpp
 
Building target: practice
Invoking: GCC C++ Linker
g++  -o "practice"  ./src/practice.o   
Finished building target: practice
 
11:11:44 **** Incremental Build of configuration Debug for project practice ****
make all 
make: Nothing to be done for `all'.
11:11:58 **** Incremental Build of configuration Debug for project practice ****
make all 
make: Nothing to be done for `all'.
11:12:02 **** Incremental Build of configuration Debug for project practice ****
make all 
Building file: ../src/practice.cpp
Invoking: GCC C++ Compiler
g++ -O0 -g3 -Wall -c -fmessage-length=0 -MMD -MP -MF"src/practice.d" -MT"src/practice.o" -o "src/practice.o" "../src/practice.cpp"
Finished building: ../src/practice.cpp
 
Building target: practice
Invoking: GCC C++ Linker
g++  -o "practice"  ./src/practice.o   
Finished building target: practice
 
11:14:44 **** Incremental Build of configuration Debug for project practice ****
make all 
Building file: ../src/practice.cpp
Invoking: GCC C++ Compiler
g++ -O0 -g3 -Wall -c -fmessage-length=0 -MMD -MP -MF"src/practice.d" -MT"src/practice.o" -o "src/practice.o" "../src/practice.cpp"
Finished building: ../src/practice.cpp
 
Building target: practice
Invoking: GCC C++ Linker
g++  -o "practice"  ./src/practice.o   
Finished building target: practice
 
11:17:22 **** Incremental Build of configuration Debug for project practice ****
make all 
Building file: ../src/practice.cpp
Invoking: GCC C++ Compiler
g++ -O0 -g3 -Wall -c -fmessage-length=0 -MMD -MP -MF"src/practice.d" -MT"src/practice.o" -o "src/practice.o" "../src/practice.cpp"
Finished building: ../src/practice.cpp
 
Building target: practice
Invoking: GCC C++ Linker
g++  -o "practice"  ./src/practice.o   
Finished building target: practice
 
11:17:38 **** Incremental Build of configuration Debug for project practice ****
make all 
Building file: ../src/practice.cpp
Invoking: GCC C++ Compiler
g++ -O0 -g3 -Wall -c -fmessage-length=0 -MMD -MP -MF"src/practice.d" -MT"src/practice.o" -o "src/practice.o" "../src/practice.cpp"
Finished building: ../src/practice.cpp
 
Building target: practice
Invoking: GCC C++ Linker
g++  -o "practice"  ./src/practice.o   
Finished building target: practice
 
11:17:40 **** Incremental Build of configuration Debug for project practice ****
make all 
make: Nothing to be done for `all'.
11:18:11 **** Incremental Build of configuration Debug for project practice ****
make all 
Building file: ../src/practice.cpp
Invoking: GCC C++ Compiler
g++ -O0 -g3 -Wall -c -fmessage-length=0 -MMD -MP -MF"src/practice.d" -MT"src/practice.o" -o "src/practice.o" "../src/practice.cpp"
Finished building: ../src/practice.cpp
 
Building target: practice
Invoking: GCC C++ Linker
g++  -o "practice"  ./src/practice.o   
Finished building target: practice
 
11:30:26 **** Build of configuration Debug for project practice ****
make all 
make: Nothing to be done for `all'.
11:45:59 **** Incremental Build of configuration Debug for project practice ****
make all 
make: Nothing to be done for `all'.
11:45:59 **** Incremental Build of configuration Debug for project practice ****
make all 
make: Nothing to be done for `all'.
11:46:07 **** Incremental Build of configuration Debug for project practice ****
make all 
make: Nothing to be done for `all'.
11:46:12 **** Incremental Build of configuration Debug for project practice ****
make all 
Building file: ../src/practice.cpp
Invoking: GCC C++ Compiler
g++ -O0 -g3 -Wall -c -fmessage-length=0 -MMD -MP -MF"src/practice.d" -MT"src/practice.o" -o "src/practice.o" "../src/practice.cpp"
Finished building: ../src/practice.cpp
 
Building target: practice
Invoking: GCC C++ Linker
g++  -o "practice"  ./src/practice.o   
Finished building target: practice
 
11:55:43 **** Incremental Build of configuration Debug for project practice ****
make all 
Building file: ../src/practice.cpp
Invoking: GCC C++ Compiler
g++ -O0 -g3 -Wall -c -fmessage-length=0 -MMD -MP -MF"src/practice.d" -MT"src/practice.o" -o "src/practice.o" "../src/practice.cpp"
Finished building: ../src/practice.cpp
 
Building target: practice
Invoking: GCC C++ Linker
g++  -o "practice"  ./src/practice.o   
Finished building target: practice
 
11:55:53 **** Incremental Build of configuration Debug for project practice ****
make all 
make: Nothing to be done for `all'.
